[0.017s] Invoking command in '/home/hecate/code/24-visual-group-second-assessment-Chris/Question3-tf2/3-ROS-urdf-src/build/look_buffer_transform': CMAKE_PREFIX_PATH=${CMAKE_PREFIX_PATH}:/opt/ros/humble /usr/bin/cmake /home/hecate/code/24-visual-group-second-assessment-Chris/Question3-tf2/3-ROS-urdf-src/src/look_buffer_transform -DAMENT_CMAKE_SYMLINK_INSTALL=1 -DCMAKE_INSTALL_PREFIX=/home/hecate/code/24-visual-group-second-assessment-Chris/Question3-tf2/3-ROS-urdf-src/install/look_buffer_transform
[0.063s] -- The C compiler identification is GNU 11.4.0
[0.123s] -- The CXX compiler identification is GNU 11.4.0
[0.128s] -- Detecting C compiler ABI info
[0.201s] -- Detecting C compiler ABI info - done
[0.214s] -- Check for working C compiler: /usr/bin/cc - skipped
[0.215s] -- Detecting C compile features
[0.215s] -- Detecting C compile features - done
[0.220s] -- Detecting CXX compiler ABI info
[0.313s] -- Detecting CXX compiler ABI info - done
[0.325s] -- Check for working CXX compiler: /usr/bin/c++ - skipped
[0.326s] -- Detecting CXX compile features
[0.326s] -- Detecting CXX compile features - done
[0.329s] -- Found ament_cmake: 1.3.5 (/opt/ros/humble/share/ament_cmake/cmake)
[0.569s] -- Found Python3: /usr/bin/python3.10 (found version "3.10.12") found components: Interpreter 
[0.659s] -- Override CMake install command with custom implementation using symlinks instead of copying resources
[0.684s] -- Found rclcpp: 16.0.4 (/opt/ros/humble/share/rclcpp/cmake)
[0.735s] -- Found rosidl_generator_c: 3.1.4 (/opt/ros/humble/share/rosidl_generator_c/cmake)
[0.740s] -- Found rosidl_adapter: 3.1.4 (/opt/ros/humble/share/rosidl_adapter/cmake)
[0.753s] -- Found rosidl_generator_cpp: 3.1.4 (/opt/ros/humble/share/rosidl_generator_cpp/cmake)
[0.765s] -- Using all available rosidl_typesupport_c: rosidl_typesupport_fastrtps_c;rosidl_typesupport_introspection_c
[0.789s] -- Using all available rosidl_typesupport_cpp: rosidl_typesupport_fastrtps_cpp;rosidl_typesupport_introspection_cpp
[0.865s] -- Found rmw_implementation_cmake: 6.1.1 (/opt/ros/humble/share/rmw_implementation_cmake/cmake)
[0.867s] -- Found rmw_fastrtps_cpp: 6.2.2 (/opt/ros/humble/share/rmw_fastrtps_cpp/cmake)
[0.976s] -- Found OpenSSL: /usr/lib/x86_64-linux-gnu/libcrypto.so (found version "3.0.2")  
[1.016s] -- Found FastRTPS: /opt/ros/humble/include  
[1.072s] -- Using RMW implementation 'rmw_fastrtps_cpp' as default
[1.081s] -- Looking for pthread.h
[1.164s] -- Looking for pthread.h - found
[1.164s] -- Performing Test CMAKE_HAVE_LIBC_PTHREAD
[1.238s] -- Performing Test CMAKE_HAVE_LIBC_PTHREAD - Success
[1.240s] -- Found Threads: TRUE  
[1.411s] -- Found tf2_ros: 0.25.2 (/opt/ros/humble/share/tf2_ros/cmake)
[1.762s] -- Found tf2_geometry_msgs: 0.25.2 (/opt/ros/humble/share/tf2_geometry_msgs/cmake)
[1.779s] -- Found eigen3_cmake_module: 0.1.1 (/opt/ros/humble/share/eigen3_cmake_module/cmake)
[1.780s] -- Found Eigen3: TRUE (found version "3.4.0") 
[1.781s] -- Ensuring Eigen3 include directory is part of orocos-kdl CMake target
[1.790s] -- Found ament_lint_auto: 0.12.6 (/opt/ros/humble/share/ament_lint_auto/cmake)
[1.901s] -- Added test 'cppcheck' to perform static code analysis on C / C++ code
[1.901s] -- Configured cppcheck include dirs: 
[1.901s] -- Configured cppcheck exclude dirs and/or files: 
[1.902s] -- Added test 'lint_cmake' to check CMake code style
[1.903s] -- Added test 'uncrustify' to check C / C++ code style
[1.903s] -- Configured uncrustify additional arguments: 
[1.903s] -- Added test 'xmllint' to check XML markup files
[1.904s] -- Configuring done
[1.921s] -- Generating done
[1.924s] -- Build files have been written to: /home/hecate/code/24-visual-group-second-assessment-Chris/Question3-tf2/3-ROS-urdf-src/build/look_buffer_transform
[1.941s] Invoked command in '/home/hecate/code/24-visual-group-second-assessment-Chris/Question3-tf2/3-ROS-urdf-src/build/look_buffer_transform' returned '0': CMAKE_PREFIX_PATH=${CMAKE_PREFIX_PATH}:/opt/ros/humble /usr/bin/cmake /home/hecate/code/24-visual-group-second-assessment-Chris/Question3-tf2/3-ROS-urdf-src/src/look_buffer_transform -DAMENT_CMAKE_SYMLINK_INSTALL=1 -DCMAKE_INSTALL_PREFIX=/home/hecate/code/24-visual-group-second-assessment-Chris/Question3-tf2/3-ROS-urdf-src/install/look_buffer_transform
[1.943s] Invoking command in '/home/hecate/code/24-visual-group-second-assessment-Chris/Question3-tf2/3-ROS-urdf-src/build/look_buffer_transform': CMAKE_PREFIX_PATH=${CMAKE_PREFIX_PATH}:/opt/ros/humble /usr/bin/cmake --build /home/hecate/code/24-visual-group-second-assessment-Chris/Question3-tf2/3-ROS-urdf-src/build/look_buffer_transform -- -j8 -l8
[2.003s] [ 50%] [32mBuilding CXX object CMakeFiles/look_buffer_transform.dir/src/tf2_buffer.cpp.o[0m
[5.598s] [100%] [32m[1mLinking CXX executable look_buffer_transform[0m
[5.733s] /usr/bin/ld: CMakeFiles/look_buffer_transform.dir/src/tf2_buffer.cpp.o: in function `void tf2::convert<geometry_msgs::msg::PointStamped_<std::allocator<void> >, geometry_msgs::msg::TransformStamped_<std::allocator<void> > >(geometry_msgs::msg::PointStamped_<std::allocator<void> > const&, geometry_msgs::msg::TransformStamped_<std::allocator<void> >&)':
[5.733s] tf2_buffer.cpp:(.text._ZN3tf27convertIN13geometry_msgs3msg13PointStamped_ISaIvEEENS2_17TransformStamped_IS4_EEEEvRKT_RT0_[_ZN3tf27convertIN13geometry_msgs3msg13PointStamped_ISaIvEEENS2_17TransformStamped_IS4_EEEEvRKT_RT0_]+0x23): undefined reference to `void tf2::impl::Converter<true, true>::convert<geometry_msgs::msg::PointStamped_<std::allocator<void> >, geometry_msgs::msg::TransformStamped_<std::allocator<void> > >(geometry_msgs::msg::PointStamped_<std::allocator<void> > const&, geometry_msgs::msg::TransformStamped_<std::allocator<void> >&)'
[5.741s] collect2: error: ld returned 1 exit status
[5.743s] gmake[2]: *** [CMakeFiles/look_buffer_transform.dir/build.make:198: look_buffer_transform] Error 1
[5.744s] gmake[1]: *** [CMakeFiles/Makefile2:137: CMakeFiles/look_buffer_transform.dir/all] Error 2
[5.744s] gmake: *** [Makefile:146: all] Error 2
[5.746s] Invoked command in '/home/hecate/code/24-visual-group-second-assessment-Chris/Question3-tf2/3-ROS-urdf-src/build/look_buffer_transform' returned '2': CMAKE_PREFIX_PATH=${CMAKE_PREFIX_PATH}:/opt/ros/humble /usr/bin/cmake --build /home/hecate/code/24-visual-group-second-assessment-Chris/Question3-tf2/3-ROS-urdf-src/build/look_buffer_transform -- -j8 -l8
